<?xml version="1.0" encoding="UTF-8"?>
<testsuite name="hello.VaadinUITests" tests="5" skipped="5" failures="0" errors="0" timestamp="2017-10-08T11:32:48" hostname="forsythe-t450s" time="0.0">
  <properties/>
  <testcase name="shouldInitializeWithInvisibleEditor" classname="hello.VaadinUITests" time="0.0">
    <skipped/>
  </testcase>
  <testcase name="shouldFillOutTheGridWithNewData" classname="hello.VaadinUITests" time="0.0">
    <skipped/>
  </testcase>
  <testcase name="shouldInitializeTheGridWithCustomerRepositoryData" classname="hello.VaadinUITests" time="0.0">
    <skipped/>
  </testcase>
  <testcase name="shouldMakeEditorVisible" classname="hello.VaadinUITests" time="0.0">
    <skipped/>
  </testcase>
  <testcase name="shouldFilterOutTheGridWithTheProvidedLastName" classname="hello.VaadinUITests" time="0.0">
    <skipped/>
  </testcase>
  <system-out><![CDATA[19:32:48.352 [Test worker] DEBUG org.springframework.test.context.junit4.SpringJUnit4ClassRunner - SpringJUnit4ClassRunner constructor called with [class hello.VaadinUITests]
19:32:48.352 [Test worker] DEBUG org.springframework.test.context.BootstrapUtils - Instantiating CacheAwareContextLoaderDelegate from class [org.springframework.test.context.cache.DefaultCacheAwareContextLoaderDelegate]
19:32:48.356 [Test worker] DEBUG org.springframework.test.context.BootstrapUtils - Instantiating BootstrapContext using constructor [public org.springframework.test.context.support.DefaultBootstrapContext(java.lang.Class,org.springframework.test.context.CacheAwareContextLoaderDelegate)]
19:32:48.356 [Test worker] DEBUG org.springframework.test.context.BootstrapUtils - Instantiating TestContextBootstrapper for test class [hello.VaadinUITests] from class [org.springframework.boot.test.context.SpringBootTestContextBootstrapper]
19:32:48.356 [Test worker] INFO org.springframework.boot.test.context.SpringBootTestContextBootstrapper - Neither @ContextConfiguration nor @ContextHierarchy found for test class [hello.VaadinUITests], using SpringBootContextLoader
19:32:48.356 [Test worker] DEBUG org.springframework.test.context.support.AbstractContextLoader - Did not detect default resource location for test class [hello.VaadinUITests]: class path resource [hello/VaadinUITests-context.xml] does not exist
19:32:48.356 [Test worker] DEBUG org.springframework.test.context.support.AbstractContextLoader - Did not detect default resource location for test class [hello.VaadinUITests]: class path resource [hello/VaadinUITestsContext.groovy] does not exist
19:32:48.356 [Test worker] INFO org.springframework.test.context.support.AbstractContextLoader - Could not detect default resource locations for test class [hello.VaadinUITests]: no resource found for suffixes {-context.xml, Context.groovy}.
19:32:48.372 [Test worker] DEBUG org.springframework.test.context.support.ActiveProfilesUtils - Could not find an 'annotation declaring class' for annotation type [org.springframework.test.context.ActiveProfiles] and class [hello.VaadinUITests]
19:32:48.376 [Test worker] DEBUG org.springframework.boot.test.context.SpringBootTestContextBootstrapper - @TestExecutionListeners is not present for class [hello.VaadinUITests]: using defaults.
19:32:48.380 [Test worker] INFO org.springframework.boot.test.context.SpringBootTestContextBootstrapper - Loaded default TestExecutionListener class names from location [META-INF/spring.factories]: [org.springframework.boot.test.mock.mockito.MockitoTestExecutionListener, org.springframework.boot.test.mock.mockito.ResetMocksTestExecutionListener, org.springframework.boot.test.autoconfigure.restdocs.RestDocsTestExecutionListener, org.springframework.boot.test.autoconfigure.web.client.MockRestServiceServerResetTestExecutionListener, org.springframework.boot.test.autoconfigure.web.servlet.MockMvcPrintOnlyOnFailureTestExecutionListener, org.springframework.boot.test.autoconfigure.web.servlet.WebDriverTestExecutionListener, org.springframework.test.context.web.ServletTestExecutionListener, org.springframework.test.context.support.DirtiesContextBeforeModesTestExecutionListener, org.springframework.test.context.support.DependencyInjectionTestExecutionListener, org.springframework.test.context.support.DirtiesContextTestExecutionListener, org.springframework.test.context.transaction.TransactionalTestExecutionListener, org.springframework.test.context.jdbc.SqlScriptsTestExecutionListener]
19:32:48.388 [Test worker] INFO org.springframework.boot.test.context.SpringBootTestContextBootstrapper - Using TestExecutionListeners: [org.springframework.test.context.web.ServletTestExecutionListener@5eb3b4a1, org.springframework.test.context.support.DirtiesContextBeforeModesTestExecutionListener@e0ba9c7, org.springframework.boot.test.autoconfigure.SpringBootDependencyInjectionTestExecutionListener@e5b9015, org.springframework.test.context.support.DirtiesContextTestExecutionListener@797dc2ef, org.springframework.test.context.transaction.TransactionalTestExecutionListener@3a2867dd, org.springframework.test.context.jdbc.SqlScriptsTestExecutionListener@69beb4ce, org.springframework.boot.test.autoconfigure.web.client.MockRestServiceServerResetTestExecutionListener@3bb74ad4, org.springframework.boot.test.mock.mockito.MockitoTestExecutionListener@2c4a9df7, org.springframework.boot.test.mock.mockito.ResetMocksTestExecutionListener@5525112c, org.springframework.boot.test.autoconfigure.web.servlet.WebDriverTestExecutionListener@4921d782, org.springframework.boot.test.autoconfigure.restdocs.RestDocsTestExecutionListener@4841c598, org.springframework.boot.test.autoconfigure.web.servlet.MockMvcPrintOnlyOnFailureTestExecutionListener@301c4c42]
19:32:48.388 [Test worker] DEBUG org.springframework.test.annotation.ProfileValueUtils - Retrieved @ProfileValueSourceConfiguration [null] for test class [hello.VaadinUITests]
19:32:48.388 [Test worker] DEBUG org.springframework.test.annotation.ProfileValueUtils - Retrieved ProfileValueSource type [class org.springframework.test.annotation.SystemProfileValueSource] for class [hello.VaadinUITests]
19:32:48.388 [Test worker] DEBUG org.springframework.test.annotation.ProfileValueUtils - Retrieved @ProfileValueSourceConfiguration [null] for test class [hello.VaadinUITests]
19:32:48.388 [Test worker] DEBUG org.springframework.test.annotation.ProfileValueUtils - Retrieved ProfileValueSource type [class org.springframework.test.annotation.SystemProfileValueSource] for class [hello.VaadinUITests]
]]></system-out>
  <system-err><![CDATA[]]></system-err>
</testsuite>
