<?xml version="1.0" encoding="UTF-8"?>
<testsuite name="hello.ApplicationTests" tests="2" skipped="2" failures="0" errors="0" timestamp="2017-10-08T11:32:48" hostname="forsythe-t450s" time="0.004">
  <properties/>
  <testcase name="shouldFindTwoBauerCustomers" classname="hello.ApplicationTests" time="0.0">
    <skipped/>
  </testcase>
  <testcase name="shouldFillOutComponentsWithDataWhenTheApplicationIsStarted" classname="hello.ApplicationTests" time="0.0">
    <skipped/>
  </testcase>
  <system-out><![CDATA[19:32:47.980 [Test worker] DEBUG org.springframework.test.context.junit4.SpringJUnit4ClassRunner - SpringJUnit4ClassRunner constructor called with [class hello.ApplicationTests]
19:32:47.988 [Test worker] DEBUG org.springframework.test.context.BootstrapUtils - Instantiating CacheAwareContextLoaderDelegate from class [org.springframework.test.context.cache.DefaultCacheAwareContextLoaderDelegate]
19:32:47.996 [Test worker] DEBUG org.springframework.test.context.BootstrapUtils - Instantiating BootstrapContext using constructor [public org.springframework.test.context.support.DefaultBootstrapContext(java.lang.Class,org.springframework.test.context.CacheAwareContextLoaderDelegate)]
19:32:48.028 [Test worker] DEBUG org.springframework.test.context.BootstrapUtils - Instantiating TestContextBootstrapper for test class [hello.ApplicationTests] from class [org.springframework.boot.test.context.SpringBootTestContextBootstrapper]
19:32:48.056 [Test worker] INFO org.springframework.boot.test.context.SpringBootTestContextBootstrapper - Neither @ContextConfiguration nor @ContextHierarchy found for test class [hello.ApplicationTests], using SpringBootContextLoader
19:32:48.060 [Test worker] DEBUG org.springframework.test.context.support.AbstractContextLoader - Did not detect default resource location for test class [hello.ApplicationTests]: class path resource [hello/ApplicationTests-context.xml] does not exist
19:32:48.060 [Test worker] DEBUG org.springframework.test.context.support.AbstractContextLoader - Did not detect default resource location for test class [hello.ApplicationTests]: class path resource [hello/ApplicationTestsContext.groovy] does not exist
19:32:48.060 [Test worker] INFO org.springframework.test.context.support.AbstractContextLoader - Could not detect default resource locations for test class [hello.ApplicationTests]: no resource found for suffixes {-context.xml, Context.groovy}.
19:32:48.152 [Test worker] DEBUG org.springframework.test.context.support.ActiveProfilesUtils - Could not find an 'annotation declaring class' for annotation type [org.springframework.test.context.ActiveProfiles] and class [hello.ApplicationTests]
19:32:48.204 [Test worker] DEBUG org.springframework.boot.test.context.SpringBootTestContextBootstrapper - @TestExecutionListeners is not present for class [hello.ApplicationTests]: using defaults.
19:32:48.212 [Test worker] INFO org.springframework.boot.test.context.SpringBootTestContextBootstrapper - Loaded default TestExecutionListener class names from location [META-INF/spring.factories]: [org.springframework.boot.test.mock.mockito.MockitoTestExecutionListener, org.springframework.boot.test.mock.mockito.ResetMocksTestExecutionListener, org.springframework.boot.test.autoconfigure.restdocs.RestDocsTestExecutionListener, org.springframework.boot.test.autoconfigure.web.client.MockRestServiceServerResetTestExecutionListener, org.springframework.boot.test.autoconfigure.web.servlet.MockMvcPrintOnlyOnFailureTestExecutionListener, org.springframework.boot.test.autoconfigure.web.servlet.WebDriverTestExecutionListener, org.springframework.test.context.web.ServletTestExecutionListener, org.springframework.test.context.support.DirtiesContextBeforeModesTestExecutionListener, org.springframework.test.context.support.DependencyInjectionTestExecutionListener, org.springframework.test.context.support.DirtiesContextTestExecutionListener, org.springframework.test.context.transaction.TransactionalTestExecutionListener, org.springframework.test.context.jdbc.SqlScriptsTestExecutionListener]
19:32:48.256 [Test worker] INFO org.springframework.boot.test.context.SpringBootTestContextBootstrapper - Using TestExecutionListeners: [org.springframework.test.context.web.ServletTestExecutionListener@668779af, org.springframework.test.context.support.DirtiesContextBeforeModesTestExecutionListener@3610d497, org.springframework.boot.test.autoconfigure.SpringBootDependencyInjectionTestExecutionListener@66c29d54, org.springframework.test.context.support.DirtiesContextTestExecutionListener@13a24125, org.springframework.test.context.transaction.TransactionalTestExecutionListener@4e3518ff, org.springframework.test.context.jdbc.SqlScriptsTestExecutionListener@7e31c9c2, org.springframework.boot.test.autoconfigure.web.client.MockRestServiceServerResetTestExecutionListener@cebc36d, org.springframework.boot.test.mock.mockito.MockitoTestExecutionListener@dc100bc, org.springframework.boot.test.mock.mockito.ResetMocksTestExecutionListener@6bd5031b, org.springframework.boot.test.autoconfigure.web.servlet.WebDriverTestExecutionListener@1bdaa87a, org.springframework.boot.test.autoconfigure.restdocs.RestDocsTestExecutionListener@4978f0c7, org.springframework.boot.test.autoconfigure.web.servlet.MockMvcPrintOnlyOnFailureTestExecutionListener@4c39ddb4]
19:32:48.260 [Test worker] DEBUG org.springframework.test.annotation.ProfileValueUtils - Retrieved @ProfileValueSourceConfiguration [null] for test class [hello.ApplicationTests]
19:32:48.260 [Test worker] DEBUG org.springframework.test.annotation.ProfileValueUtils - Retrieved ProfileValueSource type [class org.springframework.test.annotation.SystemProfileValueSource] for class [hello.ApplicationTests]
19:32:48.264 [Test worker] DEBUG org.springframework.test.annotation.ProfileValueUtils - Retrieved @ProfileValueSourceConfiguration [null] for test class [hello.ApplicationTests]
19:32:48.264 [Test worker] DEBUG org.springframework.test.annotation.ProfileValueUtils - Retrieved ProfileValueSource type [class org.springframework.test.annotation.SystemProfileValueSource] for class [hello.ApplicationTests]
]]></system-out>
  <system-err><![CDATA[]]></system-err>
</testsuite>
