<?xml version="1.0" encoding="UTF-8"?>
<testsuite name="hello.CustomerEditorTests" tests="2" skipped="2" failures="0" errors="0" timestamp="2017-10-08T11:32:48" hostname="forsythe-t450s" time="0.004">
  <properties/>
  <testcase name="shouldStoreCustomerInRepoWhenEditorSaveClicked" classname="hello.CustomerEditorTests" time="0.004">
    <skipped/>
  </testcase>
  <testcase name="shouldDeleteCustomerFromRepoWhenEditorDeleteClicked" classname="hello.CustomerEditorTests" time="0.0">
    <skipped/>
  </testcase>
  <system-out><![CDATA[]]></system-out>
  <system-err><![CDATA[]]></system-err>
</testsuite>
