<?xml version="1.0" encoding="UTF-8"?>
<testsuite name="hello.CustomerEditorTests" tests="2" skipped="0" failures="0" errors="0" timestamp="2017-10-07T20:32:47" hostname="forsythe-t450s" time="0.062">
  <properties/>
  <testcase name="shouldStoreCustomerInRepoWhenEditorSaveClicked" classname="hello.CustomerEditorTests" time="0.06"/>
  <testcase name="shouldDeleteCustomerFromRepoWhenEditorDeleteClicked" classname="hello.CustomerEditorTests" time="0.001"/>
  <system-out><![CDATA[]]></system-out>
  <system-err><![CDATA[]]></system-err>
</testsuite>
